2025-05-25 11:32:38,084 - INFO - Testing for: xlm-roberta
2025-05-25 11:32:38,084 - INFO - Evaluating nu: 0.1
2025-05-25 11:32:39,629 - INFO - Fold 1 - Nu 0.1 - F1-score: 0.8591
2025-05-25 11:32:41,177 - INFO - Fold 2 - Nu 0.1 - F1-score: 0.8644
2025-05-25 11:32:42,742 - INFO - Fold 3 - Nu 0.1 - F1-score: 0.8569
2025-05-25 11:32:44,294 - INFO - Fold 4 - Nu 0.1 - F1-score: 0.8608
2025-05-25 11:32:45,861 - INFO - Fold 5 - Nu 0.1 - F1-score: 0.8610
2025-05-25 11:32:47,412 - INFO - Fold 6 - Nu 0.1 - F1-score: 0.8649
2025-05-25 11:32:48,966 - INFO - Fold 7 - Nu 0.1 - F1-score: 0.8684
2025-05-25 11:32:50,473 - INFO - Fold 8 - Nu 0.1 - F1-score: 0.8576
2025-05-25 11:32:51,989 - INFO - Fold 9 - Nu 0.1 - F1-score: 0.8578
2025-05-25 11:32:53,519 - INFO - Fold 10 - Nu 0.1 - F1-score: 0.8560
2025-05-25 11:32:53,520 - INFO - Evaluating nu: 0.2
2025-05-25 11:32:56,367 - INFO - Fold 1 - Nu 0.2 - F1-score: 0.8332
2025-05-25 11:32:58,905 - INFO - Fold 2 - Nu 0.2 - F1-score: 0.8376
2025-05-25 11:33:01,711 - INFO - Fold 3 - Nu 0.2 - F1-score: 0.8320
2025-05-25 11:33:04,550 - INFO - Fold 4 - Nu 0.2 - F1-score: 0.8415
2025-05-25 11:33:07,104 - INFO - Fold 5 - Nu 0.2 - F1-score: 0.8347
2025-05-25 11:33:09,903 - INFO - Fold 6 - Nu 0.2 - F1-score: 0.8269
2025-05-25 11:33:12,662 - INFO - Fold 7 - Nu 0.2 - F1-score: 0.8361
2025-05-25 11:33:15,226 - INFO - Fold 8 - Nu 0.2 - F1-score: 0.8284
2025-05-25 11:33:18,042 - INFO - Fold 9 - Nu 0.2 - F1-score: 0.8390
2025-05-25 11:33:20,847 - INFO - Fold 10 - Nu 0.2 - F1-score: 0.8268
2025-05-25 11:33:20,847 - INFO - Evaluating nu: 0.30000000000000004
2025-05-25 11:33:24,580 - INFO - Fold 1 - Nu 0.30000000000000004 - F1-score: 0.7886
2025-05-25 11:33:28,552 - INFO - Fold 2 - Nu 0.30000000000000004 - F1-score: 0.7858
2025-05-25 11:33:32,626 - INFO - Fold 3 - Nu 0.30000000000000004 - F1-score: 0.7827
2025-05-25 11:33:36,325 - INFO - Fold 4 - Nu 0.30000000000000004 - F1-score: 0.7919
2025-05-25 11:33:40,333 - INFO - Fold 5 - Nu 0.30000000000000004 - F1-score: 0.7864
2025-05-25 11:33:44,330 - INFO - Fold 6 - Nu 0.30000000000000004 - F1-score: 0.7873
2025-05-25 11:33:48,061 - INFO - Fold 7 - Nu 0.30000000000000004 - F1-score: 0.7894
2025-05-25 11:33:52,001 - INFO - Fold 8 - Nu 0.30000000000000004 - F1-score: 0.7788
2025-05-25 11:33:56,004 - INFO - Fold 9 - Nu 0.30000000000000004 - F1-score: 0.7915
2025-05-25 11:33:59,600 - INFO - Fold 10 - Nu 0.30000000000000004 - F1-score: 0.7829
2025-05-25 11:33:59,600 - INFO - Evaluating nu: 0.4
2025-05-25 11:34:06,012 - INFO - Fold 1 - Nu 0.4 - F1-score: 0.7215
2025-05-25 11:34:11,240 - INFO - Fold 2 - Nu 0.4 - F1-score: 0.7127
2025-05-25 11:34:15,933 - INFO - Fold 3 - Nu 0.4 - F1-score: 0.7141
2025-05-25 11:34:21,115 - INFO - Fold 4 - Nu 0.4 - F1-score: 0.7222
2025-05-25 11:34:26,323 - INFO - Fold 5 - Nu 0.4 - F1-score: 0.7157
2025-05-25 11:34:31,152 - INFO - Fold 6 - Nu 0.4 - F1-score: 0.7124
2025-05-25 11:34:36,359 - INFO - Fold 7 - Nu 0.4 - F1-score: 0.7190
2025-05-25 11:34:41,639 - INFO - Fold 8 - Nu 0.4 - F1-score: 0.7056
2025-05-25 11:34:46,553 - INFO - Fold 9 - Nu 0.4 - F1-score: 0.7198
2025-05-25 11:34:51,615 - INFO - Fold 10 - Nu 0.4 - F1-score: 0.7157
2025-05-25 11:34:51,615 - INFO - Evaluating nu: 0.5
2025-05-25 11:34:58,029 - INFO - Fold 1 - Nu 0.5 - F1-score: 0.6504
2025-05-25 11:35:04,097 - INFO - Fold 2 - Nu 0.5 - F1-score: 0.6413
2025-05-25 11:35:12,419 - INFO - Fold 3 - Nu 0.5 - F1-score: 0.6434
2025-05-25 11:35:19,909 - INFO - Fold 4 - Nu 0.5 - F1-score: 0.6525
2025-05-25 11:35:26,020 - INFO - Fold 5 - Nu 0.5 - F1-score: 0.6380
2025-05-25 11:35:32,557 - INFO - Fold 6 - Nu 0.5 - F1-score: 0.6333
2025-05-25 11:35:39,107 - INFO - Fold 7 - Nu 0.5 - F1-score: 0.6418
2025-05-25 11:35:45,297 - INFO - Fold 8 - Nu 0.5 - F1-score: 0.6402
2025-05-25 11:35:51,854 - INFO - Fold 9 - Nu 0.5 - F1-score: 0.6430
2025-05-25 11:35:58,478 - INFO - Fold 10 - Nu 0.5 - F1-score: 0.6362
2025-05-25 11:35:58,478 - INFO - Evaluating nu: 0.6
2025-05-25 11:36:05,412 - INFO - Fold 1 - Nu 0.6 - F1-score: 0.5743
2025-05-25 11:36:12,875 - INFO - Fold 2 - Nu 0.6 - F1-score: 0.5615
2025-05-25 11:36:20,400 - INFO - Fold 3 - Nu 0.6 - F1-score: 0.5678
2025-05-25 11:36:27,930 - INFO - Fold 4 - Nu 0.6 - F1-score: 0.5763
2025-05-25 11:36:35,483 - INFO - Fold 5 - Nu 0.6 - F1-score: 0.5593
2025-05-25 11:36:42,488 - INFO - Fold 6 - Nu 0.6 - F1-score: 0.5531
2025-05-25 11:36:50,107 - INFO - Fold 7 - Nu 0.6 - F1-score: 0.5639
2025-05-25 11:36:57,691 - INFO - Fold 8 - Nu 0.6 - F1-score: 0.5649
2025-05-25 11:37:05,561 - INFO - Fold 9 - Nu 0.6 - F1-score: 0.5727
2025-05-25 11:37:13,351 - INFO - Fold 10 - Nu 0.6 - F1-score: 0.5497
2025-05-25 11:37:13,351 - INFO - Evaluating nu: 0.7000000000000001
2025-05-25 11:37:21,090 - INFO - Fold 1 - Nu 0.7000000000000001 - F1-score: 0.4631
2025-05-25 11:37:29,599 - INFO - Fold 2 - Nu 0.7000000000000001 - F1-score: 0.4439
2025-05-25 11:37:37,663 - INFO - Fold 3 - Nu 0.7000000000000001 - F1-score: 0.4654
2025-05-25 11:37:45,619 - INFO - Fold 4 - Nu 0.7000000000000001 - F1-score: 0.4610
2025-05-25 11:37:53,608 - INFO - Fold 5 - Nu 0.7000000000000001 - F1-score: 0.4450
2025-05-25 11:38:01,678 - INFO - Fold 6 - Nu 0.7000000000000001 - F1-score: 0.4581
2025-05-25 11:38:09,733 - INFO - Fold 7 - Nu 0.7000000000000001 - F1-score: 0.4486
2025-05-25 11:38:18,056 - INFO - Fold 8 - Nu 0.7000000000000001 - F1-score: 0.4610
2025-05-25 11:38:26,051 - INFO - Fold 9 - Nu 0.7000000000000001 - F1-score: 0.4697
2025-05-25 11:38:33,563 - INFO - Fold 10 - Nu 0.7000000000000001 - F1-score: 0.4405
2025-05-25 11:38:33,563 - INFO - Evaluating nu: 0.8
2025-05-25 11:38:42,135 - INFO - Fold 1 - Nu 0.8 - F1-score: 0.3181
2025-05-25 11:38:50,538 - INFO - Fold 2 - Nu 0.8 - F1-score: 0.3058
2025-05-25 11:38:59,131 - INFO - Fold 3 - Nu 0.8 - F1-score: 0.3274
2025-05-25 11:39:07,671 - INFO - Fold 4 - Nu 0.8 - F1-score: 0.3156
2025-05-25 11:39:16,107 - INFO - Fold 5 - Nu 0.8 - F1-score: 0.3033
2025-05-25 11:39:24,820 - INFO - Fold 6 - Nu 0.8 - F1-score: 0.3174
2025-05-25 11:39:33,184 - INFO - Fold 7 - Nu 0.8 - F1-score: 0.3135
2025-05-25 11:39:41,513 - INFO - Fold 8 - Nu 0.8 - F1-score: 0.3083
2025-05-25 11:39:49,824 - INFO - Fold 9 - Nu 0.8 - F1-score: 0.3188
2025-05-25 11:39:57,458 - INFO - Fold 10 - Nu 0.8 - F1-score: 0.3081
2025-05-25 11:39:57,458 - INFO - Evaluating nu: 0.9
2025-05-25 11:40:06,384 - INFO - Fold 1 - Nu 0.9 - F1-score: 0.2046
2025-05-25 11:40:14,461 - INFO - Fold 2 - Nu 0.9 - F1-score: 0.1991
2025-05-25 11:40:23,338 - INFO - Fold 3 - Nu 0.9 - F1-score: 0.2091
2025-05-25 11:40:32,296 - INFO - Fold 4 - Nu 0.9 - F1-score: 0.1953
2025-05-25 11:40:41,132 - INFO - Fold 5 - Nu 0.9 - F1-score: 0.1869
2025-05-25 11:40:49,434 - INFO - Fold 6 - Nu 0.9 - F1-score: 0.2099
2025-05-25 11:40:58,215 - INFO - Fold 7 - Nu 0.9 - F1-score: 0.1965
2025-05-25 11:41:06,929 - INFO - Fold 8 - Nu 0.9 - F1-score: 0.1821
2025-05-25 11:41:16,029 - INFO - Fold 9 - Nu 0.9 - F1-score: 0.2090
2025-05-25 11:41:25,261 - INFO - Fold 10 - Nu 0.9 - F1-score: 0.1968
2025-05-25 11:41:25,263 - INFO - Starting Kruskal-Wallis test for all nu scores.
2025-05-25 11:41:25,264 - INFO - Kruskal-Wallis H-statistic: 87.9128, p-value: 0.0000
2025-05-25 11:41:25,264 - INFO - Significant difference found, performing post-hoc Dunn test.
2025-05-25 11:41:25,267 - INFO - Dunn's test results (Bonferroni corrected):
2025-05-25 11:41:25,269 - INFO - 
          1         2
1  1.000000  0.010828
2  0.010828  1.000000
2025-05-25 11:41:25,269 - INFO - Selected best nu: 0.1 with median accuracy: 0.8600
2025-05-25 11:41:25,269 - INFO - Final nu F1-scores per fold:
2025-05-25 11:41:25,269 - INFO - 0.1: [0.8590909090909091, 0.864406779661017, 0.8569230769230769, 0.8608169440242057, 0.8610478359908884, 0.8648648648648649, 0.8684410646387832, 0.8575780654988576, 0.8577912254160364, 0.8560431100846805]
2025-05-25 11:41:25,269 - INFO - 0.2: [0.8331922099915327, 0.8376068376068376, 0.8320413436692506, 0.8414839797639123, 0.8347386172006745, 0.8268733850129198, 0.8361486486486487, 0.8283518360375747, 0.8389830508474576, 0.8267581475128645]
2025-05-25 11:41:25,269 - INFO - 0.30000000000000004: [0.7886029411764706, 0.7857811038353602, 0.7826904985888994, 0.7918968692449355, 0.7863720073664825, 0.7873134328358209, 0.7893772893772893, 0.7788104089219331, 0.7915129151291513, 0.782851817334576]
2025-05-25 11:41:25,269 - INFO - 0.4: [0.7215064420218038, 0.7126903553299493, 0.7141403865717192, 0.7222222222222222, 0.7157057654075547, 0.7124117053481333, 0.7189672293942403, 0.7056451612903226, 0.7198404785643071, 0.7157258064516129]
2025-05-25 11:41:25,270 - INFO - 0.5: [0.6504237288135594, 0.6413043478260869, 0.64340239912759, 0.6524973432518597, 0.6380236305048335, 0.6332970620239391, 0.6417910447761194, 0.640171858216971, 0.6430107526881721, 0.6361655773420479]
2025-05-25 11:41:25,270 - INFO - 0.6: [0.5743473325766175, 0.5614849187935035, 0.5677570093457944, 0.5763097949886105, 0.5592635212888377, 0.5530921820303384, 0.5639269406392694, 0.5648679678530425, 0.572737686139748, 0.5497076023391813]
2025-05-25 11:41:25,270 - INFO - 0.7000000000000001: [0.4630541871921182, 0.44388398486759145, 0.46540880503144655, 0.46096654275092935, 0.445, 0.45807259073842305, 0.4485749690210657, 0.46096654275092935, 0.46971569839307786, 0.44050632911392407]
2025-05-25 11:41:25,270 - INFO - 0.8: [0.31805929919137466, 0.30578512396694213, 0.32737276478679506, 0.31564625850340133, 0.30327868852459017, 0.3173734610123119, 0.31351351351351353, 0.3083219645293315, 0.3188010899182561, 0.3081155433287483]
2025-05-25 11:41:25,270 - INFO - 0.9: [0.20461095100864554, 0.19912152269399708, 0.20913107511045656, 0.19533527696793002, 0.18686131386861313, 0.2099125364431487, 0.19653179190751446, 0.18208516886930984, 0.20899854862119013, 0.19676945668135096]
2025-05-25 11:41:25,270 - INFO - Best performing nu: 0.1
2025-05-25 11:41:29,421 - INFO - Testing for: labse
2025-05-25 11:41:29,421 - INFO - Evaluating nu: 0.1
2025-05-25 11:41:30,978 - INFO - Fold 1 - Nu 0.1 - F1-score: 0.8952
2025-05-25 11:41:32,670 - INFO - Fold 2 - Nu 0.1 - F1-score: 0.8971
2025-05-25 11:41:34,346 - INFO - Fold 3 - Nu 0.1 - F1-score: 0.8893
2025-05-25 11:41:35,945 - INFO - Fold 4 - Nu 0.1 - F1-score: 0.8898
2025-05-25 11:41:37,657 - INFO - Fold 5 - Nu 0.1 - F1-score: 0.8958
2025-05-25 11:41:39,292 - INFO - Fold 6 - Nu 0.1 - F1-score: 0.8937
2025-05-25 11:41:40,915 - INFO - Fold 7 - Nu 0.1 - F1-score: 0.8959
2025-05-25 11:41:42,614 - INFO - Fold 8 - Nu 0.1 - F1-score: 0.8956
2025-05-25 11:41:44,279 - INFO - Fold 9 - Nu 0.1 - F1-score: 0.8970
2025-05-25 11:41:45,905 - INFO - Fold 10 - Nu 0.1 - F1-score: 0.8957
2025-05-25 11:41:45,906 - INFO - Evaluating nu: 0.2
2025-05-25 11:41:48,961 - INFO - Fold 1 - Nu 0.2 - F1-score: 0.8829
2025-05-25 11:41:51,859 - INFO - Fold 2 - Nu 0.2 - F1-score: 0.8818
2025-05-25 11:41:54,725 - INFO - Fold 3 - Nu 0.2 - F1-score: 0.8754
2025-05-25 11:41:57,484 - INFO - Fold 4 - Nu 0.2 - F1-score: 0.8776
2025-05-25 11:42:00,274 - INFO - Fold 5 - Nu 0.2 - F1-score: 0.8714
2025-05-25 11:42:03,201 - INFO - Fold 6 - Nu 0.2 - F1-score: 0.8830
2025-05-25 11:42:06,017 - INFO - Fold 7 - Nu 0.2 - F1-score: 0.8820
2025-05-25 11:42:08,971 - INFO - Fold 8 - Nu 0.2 - F1-score: 0.8749
2025-05-25 11:42:11,886 - INFO - Fold 9 - Nu 0.2 - F1-score: 0.8794
2025-05-25 11:42:14,724 - INFO - Fold 10 - Nu 0.2 - F1-score: 0.8749
2025-05-25 11:42:14,724 - INFO - Evaluating nu: 0.30000000000000004
2025-05-25 11:42:18,772 - INFO - Fold 1 - Nu 0.30000000000000004 - F1-score: 0.8296
2025-05-25 11:42:22,668 - INFO - Fold 2 - Nu 0.30000000000000004 - F1-score: 0.8349
2025-05-25 11:42:26,923 - INFO - Fold 3 - Nu 0.30000000000000004 - F1-score: 0.8248
2025-05-25 11:42:31,084 - INFO - Fold 4 - Nu 0.30000000000000004 - F1-score: 0.8265
2025-05-25 11:42:35,315 - INFO - Fold 5 - Nu 0.30000000000000004 - F1-score: 0.8231
2025-05-25 11:42:39,532 - INFO - Fold 6 - Nu 0.30000000000000004 - F1-score: 0.8304
2025-05-25 11:42:43,640 - INFO - Fold 7 - Nu 0.30000000000000004 - F1-score: 0.8381
2025-05-25 11:42:47,933 - INFO - Fold 8 - Nu 0.30000000000000004 - F1-score: 0.8276
2025-05-25 11:42:52,864 - INFO - Fold 9 - Nu 0.30000000000000004 - F1-score: 0.8338
2025-05-25 11:42:57,106 - INFO - Fold 10 - Nu 0.30000000000000004 - F1-score: 0.8258
2025-05-25 11:42:57,106 - INFO - Evaluating nu: 0.4
2025-05-25 11:43:02,476 - INFO - Fold 1 - Nu 0.4 - F1-score: 0.7498
2025-05-25 11:43:07,541 - INFO - Fold 2 - Nu 0.4 - F1-score: 0.7495
2025-05-25 11:43:13,262 - INFO - Fold 3 - Nu 0.4 - F1-score: 0.7374
2025-05-25 11:43:18,338 - INFO - Fold 4 - Nu 0.4 - F1-score: 0.7368
2025-05-25 11:43:23,651 - INFO - Fold 5 - Nu 0.4 - F1-score: 0.7467
2025-05-25 11:43:29,114 - INFO - Fold 6 - Nu 0.4 - F1-score: 0.7465
2025-05-25 11:43:34,497 - INFO - Fold 7 - Nu 0.4 - F1-score: 0.7618
2025-05-25 11:43:39,882 - INFO - Fold 8 - Nu 0.4 - F1-score: 0.7432
2025-05-25 11:43:45,324 - INFO - Fold 9 - Nu 0.4 - F1-score: 0.7535
2025-05-25 11:43:50,338 - INFO - Fold 10 - Nu 0.4 - F1-score: 0.7344
2025-05-25 11:43:50,338 - INFO - Evaluating nu: 0.5
2025-05-25 11:43:56,551 - INFO - Fold 1 - Nu 0.5 - F1-score: 0.6537
2025-05-25 11:44:02,770 - INFO - Fold 2 - Nu 0.5 - F1-score: 0.6558
2025-05-25 11:44:08,722 - INFO - Fold 3 - Nu 0.5 - F1-score: 0.6429
2025-05-25 11:44:15,023 - INFO - Fold 4 - Nu 0.5 - F1-score: 0.6485
2025-05-25 11:44:21,426 - INFO - Fold 5 - Nu 0.5 - F1-score: 0.6530
2025-05-25 11:44:27,782 - INFO - Fold 6 - Nu 0.5 - F1-score: 0.6580
2025-05-25 11:44:34,211 - INFO - Fold 7 - Nu 0.5 - F1-score: 0.6667
2025-05-25 11:44:40,573 - INFO - Fold 8 - Nu 0.5 - F1-score: 0.6471
2025-05-25 11:44:46,640 - INFO - Fold 9 - Nu 0.5 - F1-score: 0.6558
2025-05-25 11:44:53,130 - INFO - Fold 10 - Nu 0.5 - F1-score: 0.6409
2025-05-25 11:44:53,130 - INFO - Evaluating nu: 0.6
2025-05-25 11:45:00,311 - INFO - Fold 1 - Nu 0.6 - F1-score: 0.5545
2025-05-25 11:45:07,561 - INFO - Fold 2 - Nu 0.6 - F1-score: 0.5472
2025-05-25 11:45:14,699 - INFO - Fold 3 - Nu 0.6 - F1-score: 0.5465
2025-05-25 11:45:21,788 - INFO - Fold 4 - Nu 0.6 - F1-score: 0.5480
2025-05-25 11:45:28,974 - INFO - Fold 5 - Nu 0.6 - F1-score: 0.5433
2025-05-25 11:45:36,051 - INFO - Fold 6 - Nu 0.6 - F1-score: 0.5563
2025-05-25 11:45:43,343 - INFO - Fold 7 - Nu 0.6 - F1-score: 0.5649
2025-05-25 11:45:50,323 - INFO - Fold 8 - Nu 0.6 - F1-score: 0.5395
2025-05-25 11:45:57,423 - INFO - Fold 9 - Nu 0.6 - F1-score: 0.5578
2025-05-25 11:46:04,586 - INFO - Fold 10 - Nu 0.6 - F1-score: 0.5409
2025-05-25 11:46:04,586 - INFO - Evaluating nu: 0.7000000000000001
2025-05-25 11:46:12,455 - INFO - Fold 1 - Nu 0.7000000000000001 - F1-score: 0.4268
2025-05-25 11:46:19,981 - INFO - Fold 2 - Nu 0.7000000000000001 - F1-score: 0.4225
2025-05-25 11:46:27,892 - INFO - Fold 3 - Nu 0.7000000000000001 - F1-score: 0.4304
2025-05-25 11:46:35,985 - INFO - Fold 4 - Nu 0.7000000000000001 - F1-score: 0.4244
2025-05-25 11:46:43,771 - INFO - Fold 5 - Nu 0.7000000000000001 - F1-score: 0.4173
2025-05-25 11:46:53,334 - INFO - Fold 6 - Nu 0.7000000000000001 - F1-score: 0.4331
2025-05-25 11:47:01,893 - INFO - Fold 7 - Nu 0.7000000000000001 - F1-score: 0.4336
2025-05-25 11:47:10,194 - INFO - Fold 8 - Nu 0.7000000000000001 - F1-score: 0.4184
2025-05-25 11:47:18,668 - INFO - Fold 9 - Nu 0.7000000000000001 - F1-score: 0.4295
2025-05-25 11:47:26,661 - INFO - Fold 10 - Nu 0.7000000000000001 - F1-score: 0.4211
2025-05-25 11:47:26,662 - INFO - Evaluating nu: 0.8
2025-05-25 11:47:35,312 - INFO - Fold 1 - Nu 0.8 - F1-score: 0.3342
2025-05-25 11:47:43,984 - INFO - Fold 2 - Nu 0.8 - F1-score: 0.3378
2025-05-25 11:47:52,432 - INFO - Fold 3 - Nu 0.8 - F1-score: 0.3388
2025-05-25 11:48:00,494 - INFO - Fold 4 - Nu 0.8 - F1-score: 0.3383
2025-05-25 11:48:08,723 - INFO - Fold 5 - Nu 0.8 - F1-score: 0.3261
2025-05-25 11:48:17,114 - INFO - Fold 6 - Nu 0.8 - F1-score: 0.3450
2025-05-25 11:48:25,134 - INFO - Fold 7 - Nu 0.8 - F1-score: 0.3404
2025-05-25 11:48:33,571 - INFO - Fold 8 - Nu 0.8 - F1-score: 0.3225
2025-05-25 11:48:41,928 - INFO - Fold 9 - Nu 0.8 - F1-score: 0.3324
2025-05-25 11:48:50,254 - INFO - Fold 10 - Nu 0.8 - F1-score: 0.3383
2025-05-25 11:48:50,254 - INFO - Evaluating nu: 0.9
2025-05-25 11:48:58,790 - INFO - Fold 1 - Nu 0.9 - F1-score: 0.1703
2025-05-25 11:49:07,504 - INFO - Fold 2 - Nu 0.9 - F1-score: 0.1669
2025-05-25 11:49:15,936 - INFO - Fold 3 - Nu 0.9 - F1-score: 0.1631
2025-05-25 11:49:24,663 - INFO - Fold 4 - Nu 0.9 - F1-score: 0.1713
2025-05-25 11:49:33,085 - INFO - Fold 5 - Nu 0.9 - F1-score: 0.1708
2025-05-25 11:49:41,311 - INFO - Fold 6 - Nu 0.9 - F1-score: 0.1699
2025-05-25 11:49:50,078 - INFO - Fold 7 - Nu 0.9 - F1-score: 0.1674
2025-05-25 11:49:58,543 - INFO - Fold 8 - Nu 0.9 - F1-score: 0.1605
2025-05-25 11:50:06,935 - INFO - Fold 9 - Nu 0.9 - F1-score: 0.1719
2025-05-25 11:50:15,585 - INFO - Fold 10 - Nu 0.9 - F1-score: 0.1753
2025-05-25 11:50:15,587 - INFO - Starting Kruskal-Wallis test for all nu scores.
2025-05-25 11:50:15,587 - INFO - Kruskal-Wallis H-statistic: 87.9121, p-value: 0.0000
2025-05-25 11:50:15,587 - INFO - Significant difference found, performing post-hoc Dunn test.
2025-05-25 11:50:15,589 - INFO - Dunn's test results (Bonferroni corrected):
2025-05-25 11:50:15,591 - INFO - 
          1         2
1  1.000000  0.006529
2  0.006529  1.000000
2025-05-25 11:50:15,591 - INFO - Selected best nu: 0.1 with median accuracy: 0.8956
2025-05-25 11:50:15,591 - INFO - Final nu F1-scores per fold:
2025-05-25 11:50:15,591 - INFO - 0.1: [0.8952380952380953, 0.8971061093247589, 0.8892508143322475, 0.889776357827476, 0.8958333333333334, 0.893719806763285, 0.8958990536277602, 0.895617529880478, 0.897047086991221, 0.8956661316211878]
2025-05-25 11:50:15,591 - INFO - 0.2: [0.8829141370338248, 0.8818342151675485, 0.8754448398576512, 0.8776223776223776, 0.8713910761154856, 0.8830255057167986, 0.8819982773471146, 0.8748906386701663, 0.8793706293706294, 0.8748890860692103]
2025-05-25 11:50:15,591 - INFO - 0.30000000000000004: [0.8296296296296296, 0.8348968105065666, 0.8247619047619048, 0.8264925373134329, 0.8230912476722533, 0.8303655107778819, 0.8380603842634949, 0.8275862068965517, 0.8337975858867224, 0.8257575757575758]
2025-05-25 11:50:15,591 - INFO - 0.4: [0.7497507477567298, 0.7494949494949495, 0.737384140061792, 0.7368421052631579, 0.7467467467467468, 0.7464503042596349, 0.7618110236220472, 0.743202416918429, 0.7535070140280561, 0.7343589743589743]
2025-05-25 11:50:15,591 - INFO - 0.5: [0.6537216828478964, 0.6557734204793029, 0.64293659621802, 0.6485310119695321, 0.652972972972973, 0.6579520697167756, 0.6666666666666666, 0.6470588235294118, 0.6558089033659066, 0.6408839779005525]
2025-05-25 11:50:15,591 - INFO - 0.6: [0.5545243619489559, 0.5471698113207547, 0.5465393794749404, 0.5480093676814989, 0.5433255269320844, 0.5563380281690141, 0.5648679678530425, 0.5394581861012956, 0.5577596266044341, 0.5409252669039146]
2025-05-25 11:50:15,591 - INFO - 0.7000000000000001: [0.42676767676767674, 0.4225352112676056, 0.43041237113402064, 0.4243964421855146, 0.4173027989821883, 0.43312101910828027, 0.43358395989974935, 0.41836734693877553, 0.42947903430749684, 0.42105263157894735]
2025-05-25 11:50:15,591 - INFO - 0.8: [0.3342245989304813, 0.33783783783783783, 0.33879781420765026, 0.338255033557047, 0.3261455525606469, 0.3450134770889488, 0.3404255319148936, 0.3224932249322493, 0.3324324324324324, 0.3382949932341001]
2025-05-25 11:50:15,591 - INFO - 0.9: [0.17033773861967694, 0.16691505216095381, 0.16314199395770393, 0.17134416543574593, 0.17083946980854198, 0.16989567809239942, 0.16740088105726872, 0.16047548291233285, 0.17185185185185184, 0.17533432392273401]
2025-05-25 11:50:15,591 - INFO - Best performing nu: 0.1
2025-05-25 11:50:19,568 - INFO - Testing for: distill_bert
2025-05-25 11:50:19,568 - INFO - Evaluating nu: 0.1
2025-05-25 11:50:21,199 - INFO - Fold 1 - Nu 0.1 - F1-score: 0.8336
2025-05-25 11:50:22,670 - INFO - Fold 2 - Nu 0.1 - F1-score: 0.8287
2025-05-25 11:50:24,239 - INFO - Fold 3 - Nu 0.1 - F1-score: 0.8296
2025-05-25 11:50:25,864 - INFO - Fold 4 - Nu 0.1 - F1-score: 0.8345
2025-05-25 11:50:27,344 - INFO - Fold 5 - Nu 0.1 - F1-score: 0.8292
2025-05-25 11:50:28,916 - INFO - Fold 6 - Nu 0.1 - F1-score: 0.8364
2025-05-25 11:50:30,405 - INFO - Fold 7 - Nu 0.1 - F1-score: 0.8381
2025-05-25 11:50:31,976 - INFO - Fold 8 - Nu 0.1 - F1-score: 0.8288
2025-05-25 11:50:33,556 - INFO - Fold 9 - Nu 0.1 - F1-score: 0.8367
2025-05-25 11:50:34,997 - INFO - Fold 10 - Nu 0.1 - F1-score: 0.8358
2025-05-25 11:50:34,997 - INFO - Evaluating nu: 0.2
2025-05-25 11:50:37,926 - INFO - Fold 1 - Nu 0.2 - F1-score: 0.8317
2025-05-25 11:50:40,896 - INFO - Fold 2 - Nu 0.2 - F1-score: 0.8285
2025-05-25 11:50:43,545 - INFO - Fold 3 - Nu 0.2 - F1-score: 0.8265
2025-05-25 11:50:46,453 - INFO - Fold 4 - Nu 0.2 - F1-score: 0.8227
2025-05-25 11:50:49,405 - INFO - Fold 5 - Nu 0.2 - F1-score: 0.8254
2025-05-25 11:50:52,062 - INFO - Fold 6 - Nu 0.2 - F1-score: 0.8358
2025-05-25 11:50:54,867 - INFO - Fold 7 - Nu 0.2 - F1-score: 0.8316
2025-05-25 11:50:57,799 - INFO - Fold 8 - Nu 0.2 - F1-score: 0.8274
2025-05-25 11:51:00,760 - INFO - Fold 9 - Nu 0.2 - F1-score: 0.8322
2025-05-25 11:51:03,455 - INFO - Fold 10 - Nu 0.2 - F1-score: 0.8297
2025-05-25 11:51:03,456 - INFO - Evaluating nu: 0.30000000000000004
2025-05-25 11:51:07,460 - INFO - Fold 1 - Nu 0.30000000000000004 - F1-score: 0.7946
2025-05-25 11:51:11,554 - INFO - Fold 2 - Nu 0.30000000000000004 - F1-score: 0.7819
2025-05-25 11:51:15,297 - INFO - Fold 3 - Nu 0.30000000000000004 - F1-score: 0.7836
2025-05-25 11:51:19,269 - INFO - Fold 4 - Nu 0.30000000000000004 - F1-score: 0.7846
2025-05-25 11:51:23,374 - INFO - Fold 5 - Nu 0.30000000000000004 - F1-score: 0.7810
2025-05-25 11:51:27,542 - INFO - Fold 6 - Nu 0.30000000000000004 - F1-score: 0.7975
2025-05-25 11:51:31,270 - INFO - Fold 7 - Nu 0.30000000000000004 - F1-score: 0.7921
2025-05-25 11:51:35,313 - INFO - Fold 8 - Nu 0.30000000000000004 - F1-score: 0.7805
2025-05-25 11:51:39,501 - INFO - Fold 9 - Nu 0.30000000000000004 - F1-score: 0.7939
2025-05-25 11:51:43,635 - INFO - Fold 10 - Nu 0.30000000000000004 - F1-score: 0.7866
2025-05-25 11:51:43,635 - INFO - Evaluating nu: 0.4
2025-05-25 11:51:48,896 - INFO - Fold 1 - Nu 0.4 - F1-score: 0.7223
2025-05-25 11:51:54,276 - INFO - Fold 2 - Nu 0.4 - F1-score: 0.7083
2025-05-25 11:51:59,564 - INFO - Fold 3 - Nu 0.4 - F1-score: 0.7166
2025-05-25 11:52:04,931 - INFO - Fold 4 - Nu 0.4 - F1-score: 0.7164
2025-05-25 11:52:10,358 - INFO - Fold 5 - Nu 0.4 - F1-score: 0.7137
2025-05-25 11:52:15,575 - INFO - Fold 6 - Nu 0.4 - F1-score: 0.7298
2025-05-25 11:52:20,897 - INFO - Fold 7 - Nu 0.4 - F1-score: 0.7259
2025-05-25 11:52:26,265 - INFO - Fold 8 - Nu 0.4 - F1-score: 0.7032
2025-05-25 11:52:31,466 - INFO - Fold 9 - Nu 0.4 - F1-score: 0.7267
2025-05-25 11:52:36,758 - INFO - Fold 10 - Nu 0.4 - F1-score: 0.7190
2025-05-25 11:52:36,758 - INFO - Evaluating nu: 0.5
2025-05-25 11:52:43,309 - INFO - Fold 1 - Nu 0.5 - F1-score: 0.6555
2025-05-25 11:52:49,117 - INFO - Fold 2 - Nu 0.5 - F1-score: 0.6397
2025-05-25 11:52:55,966 - INFO - Fold 3 - Nu 0.5 - F1-score: 0.6509
2025-05-25 11:53:02,470 - INFO - Fold 4 - Nu 0.5 - F1-score: 0.6484
2025-05-25 11:53:08,428 - INFO - Fold 5 - Nu 0.5 - F1-score: 0.6456
2025-05-25 11:53:14,596 - INFO - Fold 6 - Nu 0.5 - F1-score: 0.6624
2025-05-25 11:53:21,227 - INFO - Fold 7 - Nu 0.5 - F1-score: 0.6583
2025-05-25 11:53:27,803 - INFO - Fold 8 - Nu 0.5 - F1-score: 0.6411
2025-05-25 11:53:34,193 - INFO - Fold 9 - Nu 0.5 - F1-score: 0.6618
2025-05-25 11:53:40,784 - INFO - Fold 10 - Nu 0.5 - F1-score: 0.6482
2025-05-25 11:53:40,784 - INFO - Evaluating nu: 0.6
2025-05-25 11:53:48,090 - INFO - Fold 1 - Nu 0.6 - F1-score: 0.5558
2025-05-25 11:53:55,526 - INFO - Fold 2 - Nu 0.6 - F1-score: 0.5218
2025-05-25 11:54:03,026 - INFO - Fold 3 - Nu 0.6 - F1-score: 0.5377
2025-05-25 11:54:10,400 - INFO - Fold 4 - Nu 0.6 - F1-score: 0.5349
2025-05-25 11:54:18,266 - INFO - Fold 5 - Nu 0.6 - F1-score: 0.5370
2025-05-25 11:54:28,868 - INFO - Fold 6 - Nu 0.6 - F1-score: 0.5522
2025-05-25 11:54:37,843 - INFO - Fold 7 - Nu 0.6 - F1-score: 0.5442
2025-05-25 11:54:51,090 - INFO - Fold 8 - Nu 0.6 - F1-score: 0.5235
2025-05-25 11:55:01,707 - INFO - Fold 9 - Nu 0.6 - F1-score: 0.5509
2025-05-25 11:55:13,827 - INFO - Fold 10 - Nu 0.6 - F1-score: 0.5322
2025-05-25 11:55:13,827 - INFO - Evaluating nu: 0.7000000000000001
2025-05-25 11:55:29,491 - INFO - Fold 1 - Nu 0.7000000000000001 - F1-score: 0.4757
2025-05-25 11:55:41,146 - INFO - Fold 2 - Nu 0.7000000000000001 - F1-score: 0.4377
2025-05-25 11:55:52,690 - INFO - Fold 3 - Nu 0.7000000000000001 - F1-score: 0.4612
2025-05-25 11:56:04,424 - INFO - Fold 4 - Nu 0.7000000000000001 - F1-score: 0.4549
2025-05-25 11:56:19,485 - INFO - Fold 5 - Nu 0.7000000000000001 - F1-score: 0.4524
2025-05-25 11:56:31,288 - INFO - Fold 6 - Nu 0.7000000000000001 - F1-score: 0.4653
2025-05-25 11:56:45,183 - INFO - Fold 7 - Nu 0.7000000000000001 - F1-score: 0.4677
2025-05-25 11:56:57,574 - INFO - Fold 8 - Nu 0.7000000000000001 - F1-score: 0.4497
2025-05-25 11:57:09,970 - INFO - Fold 9 - Nu 0.7000000000000001 - F1-score: 0.4817
2025-05-25 11:57:22,347 - INFO - Fold 10 - Nu 0.7000000000000001 - F1-score: 0.4558
2025-05-25 11:57:22,347 - INFO - Evaluating nu: 0.8
2025-05-25 11:57:35,561 - INFO - Fold 1 - Nu 0.8 - F1-score: 0.3382
2025-05-25 11:57:48,756 - INFO - Fold 2 - Nu 0.8 - F1-score: 0.3096
2025-05-25 11:58:01,858 - INFO - Fold 3 - Nu 0.8 - F1-score: 0.3265
2025-05-25 11:58:16,782 - INFO - Fold 4 - Nu 0.8 - F1-score: 0.3261
2025-05-25 11:58:32,100 - INFO - Fold 5 - Nu 0.8 - F1-score: 0.3230
2025-05-25 11:58:46,809 - INFO - Fold 6 - Nu 0.8 - F1-score: 0.3374
2025-05-25 11:58:59,904 - INFO - Fold 7 - Nu 0.8 - F1-score: 0.3395
2025-05-25 11:59:12,841 - INFO - Fold 8 - Nu 0.8 - F1-score: 0.3351
2025-05-25 11:59:26,156 - INFO - Fold 9 - Nu 0.8 - F1-score: 0.3342
2025-05-25 11:59:39,351 - INFO - Fold 10 - Nu 0.8 - F1-score: 0.3261
2025-05-25 11:59:39,351 - INFO - Evaluating nu: 0.9
2025-05-25 11:59:52,730 - INFO - Fold 1 - Nu 0.9 - F1-score: 0.1942
2025-05-25 12:00:06,202 - INFO - Fold 2 - Nu 0.9 - F1-score: 0.1669
2025-05-25 12:00:20,699 - INFO - Fold 3 - Nu 0.9 - F1-score: 0.1878
2025-05-25 12:00:35,352 - INFO - Fold 4 - Nu 0.9 - F1-score: 0.1927
2025-05-25 12:00:48,181 - INFO - Fold 5 - Nu 0.9 - F1-score: 0.1708
2025-05-25 12:01:01,679 - INFO - Fold 6 - Nu 0.9 - F1-score: 0.2047
2025-05-25 12:01:14,753 - INFO - Fold 7 - Nu 0.9 - F1-score: 0.1913
2025-05-25 12:01:30,735 - INFO - Fold 8 - Nu 0.9 - F1-score: 0.1927
2025-05-25 12:01:44,213 - INFO - Fold 9 - Nu 0.9 - F1-score: 0.2012
2025-05-25 12:01:57,708 - INFO - Fold 10 - Nu 0.9 - F1-score: 0.1915
2025-05-25 12:01:57,709 - INFO - Starting Kruskal-Wallis test for all nu scores.
2025-05-25 12:01:57,710 - INFO - Kruskal-Wallis H-statistic: 87.3938, p-value: 0.0000
2025-05-25 12:01:57,710 - INFO - Significant difference found, performing post-hoc Dunn test.
2025-05-25 12:01:57,713 - INFO - Dunn's test results (Bonferroni corrected):
2025-05-25 12:01:57,716 - INFO - 
          1         2
1  1.000000  0.012741
2  0.012741  1.000000
2025-05-25 12:01:57,716 - INFO - Selected best nu: 0.1 with median accuracy: 0.8340
2025-05-25 12:01:57,717 - INFO - Final nu F1-scores per fold:
2025-05-25 12:01:57,717 - INFO - 0.1: [0.8335832083958021, 0.8287461773700305, 0.8296409472880061, 0.8344671201814059, 0.8291948833709556, 0.8363914373088684, 0.8380809595202399, 0.8287878787878787, 0.836719337848006, 0.8357524828113063]
2025-05-25 12:01:57,717 - INFO - 0.2: [0.8316993464052288, 0.8284518828451883, 0.826487845766974, 0.8226600985221675, 0.8253706754530478, 0.835820895522388, 0.8315529991783073, 0.8274153592072667, 0.8322368421052632, 0.8297161936560935]
2025-05-25 12:01:57,717 - INFO - 0.30000000000000004: [0.7946428571428571, 0.7819004524886878, 0.7835616438356164, 0.7846291331546024, 0.7809694793536804, 0.7974683544303798, 0.792149866190901, 0.7804878048780488, 0.7939068100358423, 0.7865576748410535]
2025-05-25 12:01:57,717 - INFO - 0.4: [0.7223300970873786, 0.7083333333333334, 0.716566866267465, 0.7163886162904809, 0.7137254901960784, 0.7297830374753451, 0.7258536585365853, 0.703187250996016, 0.7267384916748286, 0.7189672293942403]
2025-05-25 12:01:57,717 - INFO - 0.5: [0.6555323590814196, 0.6396588486140725, 0.6509129967776585, 0.648363252375924, 0.6455696202531646, 0.6624472573839663, 0.658307210031348, 0.6411075612353567, 0.6617647058823529, 0.6481876332622601]
2025-05-25 12:01:57,717 - INFO - 0.6: [0.5558086560364465, 0.5218417945690673, 0.5377358490566038, 0.5348837209302325, 0.5370370370370371, 0.5522041763341067, 0.5442020665901263, 0.5234741784037559, 0.5509259259259259, 0.5322391559202814]
2025-05-25 12:01:57,717 - INFO - 0.7000000000000001: [0.47572815533980584, 0.4377358490566038, 0.46115288220551376, 0.45488257107540175, 0.45241038318912236, 0.46534653465346537, 0.46772228989037756, 0.4496894409937888, 0.48166259168704156, 0.45579078455790784]
2025-05-25 12:01:57,717 - INFO - 0.8: [0.3382157123834887, 0.3095890410958904, 0.32647462277091904, 0.3261455525606469, 0.32301480484522205, 0.33738191632928477, 0.3395225464190981, 0.3351206434316354, 0.33423180592991913, 0.32608695652173914]
2025-05-25 12:01:57,717 - INFO - 0.9: [0.19420289855072465, 0.16691505216095381, 0.18777943368107303, 0.1927007299270073, 0.17083946980854198, 0.2046783625730994, 0.19130434782608696, 0.1927007299270073, 0.20116618075801748, 0.19145802650957292]
2025-05-25 12:01:57,717 - INFO - Best performing nu: 0.1
2025-05-25 12:01:57,717 - INFO - 


 BEST NUS: [np.float64(0.1), np.float64(0.1), np.float64(0.1)]
