2025-05-25 12:06:39,169 - INFO - Testing for: xlm-roberta
2025-05-25 12:06:39,169 - INFO - Evaluating tol: 0.0001
2025-05-25 12:06:41,939 - INFO - Fold 1 - Tol 0.0001 - F1-score: 0.8591
2025-05-25 12:06:44,209 - INFO - Fold 2 - Tol 0.0001 - F1-score: 0.8644
2025-05-25 12:06:46,097 - INFO - Fold 3 - Tol 0.0001 - F1-score: 0.8569
2025-05-25 12:06:48,480 - INFO - Fold 4 - Tol 0.0001 - F1-score: 0.8608
2025-05-25 12:06:50,145 - INFO - Fold 5 - Tol 0.0001 - F1-score: 0.8610
2025-05-25 12:06:51,700 - INFO - Fold 6 - Tol 0.0001 - F1-score: 0.8649
2025-05-25 12:06:53,233 - INFO - Fold 7 - Tol 0.0001 - F1-score: 0.8684
2025-05-25 12:06:54,789 - INFO - Fold 8 - Tol 0.0001 - F1-score: 0.8576
2025-05-25 12:06:56,234 - INFO - Fold 9 - Tol 0.0001 - F1-score: 0.8578
2025-05-25 12:06:57,799 - INFO - Fold 10 - Tol 0.0001 - F1-score: 0.8560
2025-05-25 12:06:57,799 - INFO - Evaluating tol: 0.0005
2025-05-25 12:06:59,440 - INFO - Fold 1 - Tol 0.0005 - F1-score: 0.8591
2025-05-25 12:07:00,963 - INFO - Fold 2 - Tol 0.0005 - F1-score: 0.8644
2025-05-25 12:07:02,491 - INFO - Fold 3 - Tol 0.0005 - F1-score: 0.8569
2025-05-25 12:07:04,059 - INFO - Fold 4 - Tol 0.0005 - F1-score: 0.8608
2025-05-25 12:07:06,268 - INFO - Fold 5 - Tol 0.0005 - F1-score: 0.8610
2025-05-25 12:07:08,296 - INFO - Fold 6 - Tol 0.0005 - F1-score: 0.8649
2025-05-25 12:07:10,944 - INFO - Fold 7 - Tol 0.0005 - F1-score: 0.8684
2025-05-25 12:07:12,819 - INFO - Fold 8 - Tol 0.0005 - F1-score: 0.8576
2025-05-25 12:07:14,603 - INFO - Fold 9 - Tol 0.0005 - F1-score: 0.8578
2025-05-25 12:07:16,436 - INFO - Fold 10 - Tol 0.0005 - F1-score: 0.8560
2025-05-25 12:07:16,437 - INFO - Evaluating tol: 0.001
2025-05-25 12:07:18,950 - INFO - Fold 1 - Tol 0.001 - F1-score: 0.8591
2025-05-25 12:07:20,956 - INFO - Fold 2 - Tol 0.001 - F1-score: 0.8644
2025-05-25 12:07:22,677 - INFO - Fold 3 - Tol 0.001 - F1-score: 0.8569
2025-05-25 12:07:24,988 - INFO - Fold 4 - Tol 0.001 - F1-score: 0.8608
2025-05-25 12:07:27,741 - INFO - Fold 5 - Tol 0.001 - F1-score: 0.8610
2025-05-25 12:07:30,039 - INFO - Fold 6 - Tol 0.001 - F1-score: 0.8649
2025-05-25 12:07:32,178 - INFO - Fold 7 - Tol 0.001 - F1-score: 0.8684
2025-05-25 12:07:34,195 - INFO - Fold 8 - Tol 0.001 - F1-score: 0.8576
2025-05-25 12:07:36,363 - INFO - Fold 9 - Tol 0.001 - F1-score: 0.8578
2025-05-25 12:07:38,638 - INFO - Fold 10 - Tol 0.001 - F1-score: 0.8560
2025-05-25 12:07:38,638 - INFO - Evaluating tol: 0.005
2025-05-25 12:07:41,421 - INFO - Fold 1 - Tol 0.005 - F1-score: 0.8591
2025-05-25 12:07:43,972 - INFO - Fold 2 - Tol 0.005 - F1-score: 0.8644
2025-05-25 12:07:46,526 - INFO - Fold 3 - Tol 0.005 - F1-score: 0.8569
2025-05-25 12:07:49,135 - INFO - Fold 4 - Tol 0.005 - F1-score: 0.8608
2025-05-25 12:07:51,755 - INFO - Fold 5 - Tol 0.005 - F1-score: 0.8610
2025-05-25 12:07:54,344 - INFO - Fold 6 - Tol 0.005 - F1-score: 0.8649
2025-05-25 12:07:56,766 - INFO - Fold 7 - Tol 0.005 - F1-score: 0.8684
2025-05-25 12:07:59,233 - INFO - Fold 8 - Tol 0.005 - F1-score: 0.8576
2025-05-25 12:08:01,880 - INFO - Fold 9 - Tol 0.005 - F1-score: 0.8578
2025-05-25 12:08:04,428 - INFO - Fold 10 - Tol 0.005 - F1-score: 0.8560
2025-05-25 12:08:04,428 - INFO - Evaluating tol: 0.01
2025-05-25 12:08:06,858 - INFO - Fold 1 - Tol 0.01 - F1-score: 0.8591
2025-05-25 12:08:09,472 - INFO - Fold 2 - Tol 0.01 - F1-score: 0.8644
2025-05-25 12:08:12,081 - INFO - Fold 3 - Tol 0.01 - F1-score: 0.8569
2025-05-25 12:08:14,691 - INFO - Fold 4 - Tol 0.01 - F1-score: 0.8608
2025-05-25 12:08:17,577 - INFO - Fold 5 - Tol 0.01 - F1-score: 0.8610
2025-05-25 12:08:20,450 - INFO - Fold 6 - Tol 0.01 - F1-score: 0.8649
2025-05-25 12:08:22,668 - INFO - Fold 7 - Tol 0.01 - F1-score: 0.8684
2025-05-25 12:08:25,001 - INFO - Fold 8 - Tol 0.01 - F1-score: 0.8576
2025-05-25 12:08:26,887 - INFO - Fold 9 - Tol 0.01 - F1-score: 0.8578
2025-05-25 12:08:28,816 - INFO - Fold 10 - Tol 0.01 - F1-score: 0.8560
2025-05-25 12:08:28,817 - INFO - Starting Kruskal-Wallis test for all tol scores.
2025-05-25 12:08:28,818 - INFO - Kruskal-Wallis H-statistic: 0.0000, p-value: 1.0000
2025-05-25 12:08:28,818 - INFO - No significant difference found between tols.
2025-05-25 12:08:28,818 - INFO - Final tol F1-scores per fold:
2025-05-25 12:08:28,818 - INFO - 0.0001: [0.8590909090909091, 0.864406779661017, 0.8569230769230769, 0.8608169440242057, 0.8610478359908884, 0.8648648648648649, 0.8684410646387832, 0.8575780654988576, 0.8577912254160364, 0.8560431100846805]
2025-05-25 12:08:28,818 - INFO - 0.0005: [0.8590909090909091, 0.864406779661017, 0.8569230769230769, 0.8608169440242057, 0.8610478359908884, 0.8648648648648649, 0.8684410646387832, 0.8575780654988576, 0.8577912254160364, 0.8560431100846805]
2025-05-25 12:08:28,818 - INFO - 0.001: [0.8590909090909091, 0.864406779661017, 0.8569230769230769, 0.8608169440242057, 0.8610478359908884, 0.8648648648648649, 0.8684410646387832, 0.8575780654988576, 0.8577912254160364, 0.8560431100846805]
2025-05-25 12:08:28,818 - INFO - 0.005: [0.8590909090909091, 0.864406779661017, 0.8569230769230769, 0.8608169440242057, 0.8610478359908884, 0.8648648648648649, 0.8684410646387832, 0.8575780654988576, 0.8577912254160364, 0.8560431100846805]
2025-05-25 12:08:28,818 - INFO - 0.01: [0.8590909090909091, 0.864406779661017, 0.8569230769230769, 0.8608169440242057, 0.8610478359908884, 0.8648648648648649, 0.8684410646387832, 0.8575780654988576, 0.8577912254160364, 0.8560431100846805]
2025-05-25 12:08:28,818 - INFO - No single best tol found.
2025-05-25 12:08:33,494 - INFO - Testing for: labse
2025-05-25 12:08:33,494 - INFO - Evaluating tol: 0.0001
2025-05-25 12:08:35,846 - INFO - Fold 1 - Tol 0.0001 - F1-score: 0.8961
2025-05-25 12:08:38,420 - INFO - Fold 2 - Tol 0.0001 - F1-score: 0.8962
2025-05-25 12:08:40,756 - INFO - Fold 3 - Tol 0.0001 - F1-score: 0.8883
2025-05-25 12:08:43,094 - INFO - Fold 4 - Tol 0.0001 - F1-score: 0.8889
2025-05-25 12:08:44,794 - INFO - Fold 5 - Tol 0.0001 - F1-score: 0.8958
2025-05-25 12:08:46,558 - INFO - Fold 6 - Tol 0.0001 - F1-score: 0.8937
2025-05-25 12:08:48,310 - INFO - Fold 7 - Tol 0.0001 - F1-score: 0.8959
2025-05-25 12:08:50,456 - INFO - Fold 8 - Tol 0.0001 - F1-score: 0.8956
2025-05-25 12:08:52,737 - INFO - Fold 9 - Tol 0.0001 - F1-score: 0.8979
2025-05-25 12:08:55,309 - INFO - Fold 10 - Tol 0.0001 - F1-score: 0.8966
2025-05-25 12:08:55,309 - INFO - Evaluating tol: 0.0005
2025-05-25 12:08:57,497 - INFO - Fold 1 - Tol 0.0005 - F1-score: 0.8961
2025-05-25 12:08:59,569 - INFO - Fold 2 - Tol 0.0005 - F1-score: 0.8971
2025-05-25 12:09:01,361 - INFO - Fold 3 - Tol 0.0005 - F1-score: 0.8893
2025-05-25 12:09:03,738 - INFO - Fold 4 - Tol 0.0005 - F1-score: 0.8898
2025-05-25 12:09:06,190 - INFO - Fold 5 - Tol 0.0005 - F1-score: 0.8958
2025-05-25 12:09:08,960 - INFO - Fold 6 - Tol 0.0005 - F1-score: 0.8937
2025-05-25 12:09:11,688 - INFO - Fold 7 - Tol 0.0005 - F1-score: 0.8959
2025-05-25 12:09:14,586 - INFO - Fold 8 - Tol 0.0005 - F1-score: 0.8947
2025-05-25 12:09:17,370 - INFO - Fold 9 - Tol 0.0005 - F1-score: 0.8970
2025-05-25 12:09:19,929 - INFO - Fold 10 - Tol 0.0005 - F1-score: 0.8966
2025-05-25 12:09:19,929 - INFO - Evaluating tol: 0.001
2025-05-25 12:09:22,797 - INFO - Fold 1 - Tol 0.001 - F1-score: 0.8952
2025-05-25 12:09:25,452 - INFO - Fold 2 - Tol 0.001 - F1-score: 0.8971
2025-05-25 12:09:28,200 - INFO - Fold 3 - Tol 0.001 - F1-score: 0.8893
2025-05-25 12:09:30,894 - INFO - Fold 4 - Tol 0.001 - F1-score: 0.8898
2025-05-25 12:09:33,706 - INFO - Fold 5 - Tol 0.001 - F1-score: 0.8958
2025-05-25 12:09:36,456 - INFO - Fold 6 - Tol 0.001 - F1-score: 0.8937
2025-05-25 12:09:39,063 - INFO - Fold 7 - Tol 0.001 - F1-score: 0.8959
2025-05-25 12:09:41,710 - INFO - Fold 8 - Tol 0.001 - F1-score: 0.8956
2025-05-25 12:09:44,590 - INFO - Fold 9 - Tol 0.001 - F1-score: 0.8970
2025-05-25 12:09:47,627 - INFO - Fold 10 - Tol 0.001 - F1-score: 0.8957
2025-05-25 12:09:47,627 - INFO - Evaluating tol: 0.005
2025-05-25 12:09:49,756 - INFO - Fold 1 - Tol 0.005 - F1-score: 0.8952
2025-05-25 12:09:51,974 - INFO - Fold 2 - Tol 0.005 - F1-score: 0.8953
2025-05-25 12:09:54,141 - INFO - Fold 3 - Tol 0.005 - F1-score: 0.8893
2025-05-25 12:09:56,310 - INFO - Fold 4 - Tol 0.005 - F1-score: 0.8889
2025-05-25 12:09:58,533 - INFO - Fold 5 - Tol 0.005 - F1-score: 0.8967
2025-05-25 12:10:00,634 - INFO - Fold 6 - Tol 0.005 - F1-score: 0.8946
2025-05-25 12:10:02,817 - INFO - Fold 7 - Tol 0.005 - F1-score: 0.8959
2025-05-25 12:10:05,073 - INFO - Fold 8 - Tol 0.005 - F1-score: 0.8947
2025-05-25 12:10:07,216 - INFO - Fold 9 - Tol 0.005 - F1-score: 0.8979
2025-05-25 12:10:09,362 - INFO - Fold 10 - Tol 0.005 - F1-score: 0.8966
2025-05-25 12:10:09,363 - INFO - Evaluating tol: 0.01
2025-05-25 12:10:11,587 - INFO - Fold 1 - Tol 0.01 - F1-score: 0.8952
2025-05-25 12:10:13,927 - INFO - Fold 2 - Tol 0.01 - F1-score: 0.8953
2025-05-25 12:10:16,154 - INFO - Fold 3 - Tol 0.01 - F1-score: 0.8893
2025-05-25 12:10:18,251 - INFO - Fold 4 - Tol 0.01 - F1-score: 0.8889
2025-05-25 12:10:20,481 - INFO - Fold 5 - Tol 0.01 - F1-score: 0.8967
2025-05-25 12:10:22,616 - INFO - Fold 6 - Tol 0.01 - F1-score: 0.8937
2025-05-25 12:10:24,851 - INFO - Fold 7 - Tol 0.01 - F1-score: 0.8950
2025-05-25 12:10:27,045 - INFO - Fold 8 - Tol 0.01 - F1-score: 0.8956
2025-05-25 12:10:29,144 - INFO - Fold 9 - Tol 0.01 - F1-score: 0.8970
2025-05-25 12:10:31,380 - INFO - Fold 10 - Tol 0.01 - F1-score: 0.8966
2025-05-25 12:10:31,381 - INFO - Starting Kruskal-Wallis test for all tol scores.
2025-05-25 12:10:31,382 - INFO - Kruskal-Wallis H-statistic: 0.4381, p-value: 0.9792
2025-05-25 12:10:31,382 - INFO - No significant difference found between tols.
2025-05-25 12:10:31,382 - INFO - Final tol F1-scores per fold:
2025-05-25 12:10:31,382 - INFO - 0.0001: [0.8961141950832673, 0.8962188254223652, 0.8883455582722086, 0.8888888888888888, 0.8958333333333334, 0.893719806763285, 0.8958990536277602, 0.895617529880478, 0.89792663476874, 0.896551724137931]
2025-05-25 12:10:31,382 - INFO - 0.0005: [0.8961141950832673, 0.8971061093247589, 0.8892508143322475, 0.889776357827476, 0.8958333333333334, 0.893719806763285, 0.8958990536277602, 0.8947368421052632, 0.897047086991221, 0.896551724137931]
2025-05-25 12:10:31,382 - INFO - 0.001: [0.8952380952380953, 0.8971061093247589, 0.8892508143322475, 0.889776357827476, 0.8958333333333334, 0.893719806763285, 0.8958990536277602, 0.895617529880478, 0.897047086991221, 0.8956661316211878]
2025-05-25 12:10:31,382 - INFO - 0.005: [0.8952380952380953, 0.895330112721417, 0.8892508143322475, 0.8888888888888888, 0.8967173738991193, 0.8946098149637972, 0.8958990536277602, 0.8947368421052632, 0.89792663476874, 0.896551724137931]
2025-05-25 12:10:31,382 - INFO - 0.01: [0.8952380952380953, 0.895330112721417, 0.8892508143322475, 0.8888888888888888, 0.8967173738991193, 0.893719806763285, 0.8950276243093923, 0.895617529880478, 0.897047086991221, 0.896551724137931]
2025-05-25 12:10:31,382 - INFO - No single best tol found.
2025-05-25 12:10:35,733 - INFO - Testing for: distill_bert
2025-05-25 12:10:35,733 - INFO - Evaluating tol: 0.0001
2025-05-25 12:10:37,936 - INFO - Fold 1 - Tol 0.0001 - F1-score: 0.8336
2025-05-25 12:10:39,970 - INFO - Fold 2 - Tol 0.0001 - F1-score: 0.8287
2025-05-25 12:10:42,027 - INFO - Fold 3 - Tol 0.0001 - F1-score: 0.8296
2025-05-25 12:10:44,220 - INFO - Fold 4 - Tol 0.0001 - F1-score: 0.8345
2025-05-25 12:10:46,298 - INFO - Fold 5 - Tol 0.0001 - F1-score: 0.8292
2025-05-25 12:10:48,439 - INFO - Fold 6 - Tol 0.0001 - F1-score: 0.8364
2025-05-25 12:10:50,631 - INFO - Fold 7 - Tol 0.0001 - F1-score: 0.8381
2025-05-25 12:10:52,783 - INFO - Fold 8 - Tol 0.0001 - F1-score: 0.8288
2025-05-25 12:10:54,880 - INFO - Fold 9 - Tol 0.0001 - F1-score: 0.8367
2025-05-25 12:10:57,065 - INFO - Fold 10 - Tol 0.0001 - F1-score: 0.8358
2025-05-25 12:10:57,065 - INFO - Evaluating tol: 0.0005
2025-05-25 12:10:59,632 - INFO - Fold 1 - Tol 0.0005 - F1-score: 0.8336
2025-05-25 12:11:01,196 - INFO - Fold 2 - Tol 0.0005 - F1-score: 0.8287
2025-05-25 12:11:03,441 - INFO - Fold 3 - Tol 0.0005 - F1-score: 0.8296
2025-05-25 12:11:06,536 - INFO - Fold 4 - Tol 0.0005 - F1-score: 0.8345
2025-05-25 12:11:08,558 - INFO - Fold 5 - Tol 0.0005 - F1-score: 0.8292
2025-05-25 12:11:11,025 - INFO - Fold 6 - Tol 0.0005 - F1-score: 0.8364
2025-05-25 12:11:13,321 - INFO - Fold 7 - Tol 0.0005 - F1-score: 0.8381
2025-05-25 12:11:15,624 - INFO - Fold 8 - Tol 0.0005 - F1-score: 0.8288
2025-05-25 12:11:17,624 - INFO - Fold 9 - Tol 0.0005 - F1-score: 0.8367
2025-05-25 12:11:19,625 - INFO - Fold 10 - Tol 0.0005 - F1-score: 0.8358
2025-05-25 12:11:19,625 - INFO - Evaluating tol: 0.001
2025-05-25 12:11:21,585 - INFO - Fold 1 - Tol 0.001 - F1-score: 0.8336
2025-05-25 12:11:23,564 - INFO - Fold 2 - Tol 0.001 - F1-score: 0.8287
2025-05-25 12:11:25,586 - INFO - Fold 3 - Tol 0.001 - F1-score: 0.8296
2025-05-25 12:11:27,604 - INFO - Fold 4 - Tol 0.001 - F1-score: 0.8345
2025-05-25 12:11:29,663 - INFO - Fold 5 - Tol 0.001 - F1-score: 0.8292
2025-05-25 12:11:31,576 - INFO - Fold 6 - Tol 0.001 - F1-score: 0.8364
2025-05-25 12:11:33,538 - INFO - Fold 7 - Tol 0.001 - F1-score: 0.8381
2025-05-25 12:11:35,651 - INFO - Fold 8 - Tol 0.001 - F1-score: 0.8288
2025-05-25 12:11:37,768 - INFO - Fold 9 - Tol 0.001 - F1-score: 0.8367
2025-05-25 12:11:39,788 - INFO - Fold 10 - Tol 0.001 - F1-score: 0.8358
2025-05-25 12:11:39,788 - INFO - Evaluating tol: 0.005
2025-05-25 12:11:41,697 - INFO - Fold 1 - Tol 0.005 - F1-score: 0.8336
2025-05-25 12:11:43,860 - INFO - Fold 2 - Tol 0.005 - F1-score: 0.8287
2025-05-25 12:11:45,906 - INFO - Fold 3 - Tol 0.005 - F1-score: 0.8296
2025-05-25 12:11:48,018 - INFO - Fold 4 - Tol 0.005 - F1-score: 0.8345
2025-05-25 12:11:50,057 - INFO - Fold 5 - Tol 0.005 - F1-score: 0.8292
2025-05-25 12:11:51,988 - INFO - Fold 6 - Tol 0.005 - F1-score: 0.8364
2025-05-25 12:11:53,970 - INFO - Fold 7 - Tol 0.005 - F1-score: 0.8381
2025-05-25 12:11:56,055 - INFO - Fold 8 - Tol 0.005 - F1-score: 0.8288
2025-05-25 12:11:58,351 - INFO - Fold 9 - Tol 0.005 - F1-score: 0.8367
2025-05-25 12:12:00,326 - INFO - Fold 10 - Tol 0.005 - F1-score: 0.8358
2025-05-25 12:12:00,326 - INFO - Evaluating tol: 0.01
2025-05-25 12:12:02,215 - INFO - Fold 1 - Tol 0.01 - F1-score: 0.8336
2025-05-25 12:12:04,216 - INFO - Fold 2 - Tol 0.01 - F1-score: 0.8287
2025-05-25 12:12:06,266 - INFO - Fold 3 - Tol 0.01 - F1-score: 0.8296
2025-05-25 12:12:08,448 - INFO - Fold 4 - Tol 0.01 - F1-score: 0.8345
2025-05-25 12:12:10,412 - INFO - Fold 5 - Tol 0.01 - F1-score: 0.8292
2025-05-25 12:12:12,334 - INFO - Fold 6 - Tol 0.01 - F1-score: 0.8364
2025-05-25 12:12:14,439 - INFO - Fold 7 - Tol 0.01 - F1-score: 0.8381
2025-05-25 12:12:16,974 - INFO - Fold 8 - Tol 0.01 - F1-score: 0.8288
2025-05-25 12:12:19,284 - INFO - Fold 9 - Tol 0.01 - F1-score: 0.8367
2025-05-25 12:12:21,213 - INFO - Fold 10 - Tol 0.01 - F1-score: 0.8358
2025-05-25 12:12:21,214 - INFO - Starting Kruskal-Wallis test for all tol scores.
2025-05-25 12:12:21,215 - INFO - Kruskal-Wallis H-statistic: 0.0000, p-value: 1.0000
2025-05-25 12:12:21,215 - INFO - No significant difference found between tols.
2025-05-25 12:12:21,215 - INFO - Final tol F1-scores per fold:
2025-05-25 12:12:21,215 - INFO - 0.0001: [0.8335832083958021, 0.8287461773700305, 0.8296409472880061, 0.8344671201814059, 0.8291948833709556, 0.8363914373088684, 0.8380809595202399, 0.8287878787878787, 0.836719337848006, 0.8357524828113063]
2025-05-25 12:12:21,215 - INFO - 0.0005: [0.8335832083958021, 0.8287461773700305, 0.8296409472880061, 0.8344671201814059, 0.8291948833709556, 0.8363914373088684, 0.8380809595202399, 0.8287878787878787, 0.836719337848006, 0.8357524828113063]
2025-05-25 12:12:21,215 - INFO - 0.001: [0.8335832083958021, 0.8287461773700305, 0.8296409472880061, 0.8344671201814059, 0.8291948833709556, 0.8363914373088684, 0.8380809595202399, 0.8287878787878787, 0.836719337848006, 0.8357524828113063]
2025-05-25 12:12:21,215 - INFO - 0.005: [0.8335832083958021, 0.8287461773700305, 0.8296409472880061, 0.8344671201814059, 0.8291948833709556, 0.8363914373088684, 0.8380809595202399, 0.8287878787878787, 0.836719337848006, 0.8357524828113063]
2025-05-25 12:12:21,216 - INFO - 0.01: [0.8335832083958021, 0.8287461773700305, 0.8296409472880061, 0.8344671201814059, 0.8291948833709556, 0.8363914373088684, 0.8380809595202399, 0.8287878787878787, 0.836719337848006, 0.8357524828113063]
2025-05-25 12:12:21,216 - INFO - No single best tol found.
2025-05-25 12:12:21,216 - INFO - 


 BEST TOLS: []
